611758635:Aug 26 2007  8:59AM
1388604635:Sep  4 2007  8:45AM
1388904635:Sep  4 2007  8:50AM
1389503635:Sep  4 2007  9:00AM
1389804633:Sep  4 2007  9:05AM
1390104635:Sep  4 2007  9:10AM
1390404633:Sep  4 2007  9:15AM
1390704635:Sep  4 2007  9:20AM
1391304635:Sep  4 2007  9:30AM
1391604633:Sep  4 2007  9:35AM
1391904635:Sep  4 2007  9:40AM
1392204633:Sep  4 2007  9:45AM
1392504635:Sep  4 2007  9:50AM
1393104635:Sep  4 2007 10:00AM
1393404634:Sep  4 2007 10:05AM
1393704635:Sep  4 2007 10:10AM
1394004635:Sep  4 2007 10:15AM
1394304633:Sep  4 2007 10:20AM
1394904633:Sep  4 2007 10:30AM
1395224634:Sep  4 2007 10:35AM
1395515635:Sep  4 2007 10:40AM
1395819635:Sep  4 2007 10:46AM
1396117634:Sep  4 2007 10:50AM
1396728635:Sep  4 2007 11:00AM
1397017635:Sep  4 2007 11:05AM
1397318635:Sep  4 2007 11:10AM
1397642634:Sep  4 2007 11:16AM
1397916635:Sep  4 2007 11:20AM
1398520635:Sep  4 2007 11:31AM
1398806634:Sep  4 2007 11:35AM
1399106635:Sep  4 2007 11:40AM
1399705634:Sep  4 2007 11:50AM
1400005635:Sep  4 2007 11:55AM
1400305634:Sep  4 2007 12:00PM
1400605635:Sep  4 2007 12:05PM
1400905635:Sep  4 2007 12:10PM
1401506634:Sep  4 2007 12:20PM
1401805635:Sep  4 2007 12:25PM
1402106635:Sep  4 2007 12:30PM
1402405634:Sep  4 2007 12:35PM
1402705634:Sep  4 2007 12:40PM
1403305635:Sep  4 2007 12:50PM
1403605634:Sep  4 2007 12:55PM
1403905635:Sep  4 2007  1:00PM
1404205634:Sep  4 2007  1:05PM
1404504635:Sep  4 2007  1:10PM
1405105635:Sep  4 2007  1:20PM
1405405635:Sep  4 2007  1:25PM
1405704635:Sep  4 2007  1:30PM
1406005635:Sep  4 2007  1:35PM
1406305634:Sep  4 2007  1:40PM
1406904634:Sep  4 2007  1:50PM
1407204634:Sep  4 2007  1:55PM
1407505635:Sep  4 2007  2:00PM
1407806635:Sep  4 2007  2:06PM
1408105634:Sep  4 2007  2:10PM
1408704635:Sep  4 2007  2:20PM
1409006634:Sep  4 2007  2:25PM
1409305635:Sep  4 2007  2:30PM
1409606635:Sep  4 2007  2:35PM
1409905635:Sep  4 2007  2:40PM
1410505634:Sep  4 2007  2:50PM
1410806635:Sep  4 2007  2:55PM
1411105634:Sep  4 2007  3:00PM
1411405635:Sep  4 2007  3:05PM
1411705635:Sep  4 2007  3:10PM
1412305635:Sep  4 2007  3:20PM
1412605635:Sep  4 2007  3:25PM
1412905635:Sep  4 2007  3:30PM
1413207636:Sep  4 2007  3:35PM
1413505634:Sep  4 2007  3:40PM
1414105635:Sep  4 2007  3:50PM
1414405634:Sep  4 2007  3:55PM
1414705635:Sep  4 2007  4:00PM
1415005635:Sep  4 2007  4:05PM
1415305635:Sep  4 2007  4:10PM
1415905634:Sep  4 2007  4:20PM
1416205635:Sep  4 2007  4:26PM
1416505635:Sep  4 2007  4:30PM
1416807635:Sep  4 2007  4:35PM
1417105635:Sep  4 2007  4:40PM
1417705634:Sep  4 2007  4:51PM
1418005635:Sep  4 2007  4:55PM
1418305635:Sep  4 2007  5:01PM
1418605634:Sep  4 2007  5:06PM
1418905634:Sep  4 2007  5:10PM
1419505635:Sep  4 2007  5:20PM
1419805634:Sep  4 2007  5:26PM
1420105634:Sep  4 2007  5:30PM
1420406635:Sep  4 2007  5:36PM
1420705635:Sep  4 2007  5:41PM
1421305636:Sep  4 2007  5:51PM
1421605635:Sep  4 2007  5:56PM
1421905634:Sep  4 2007  6:01PM
1422205635:Sep  4 2007  6:06PM
1422505635:Sep  4 2007  6:11PM
1423105635:Sep  4 2007  6:21PM
1423405634:Sep  4 2007  6:26PM
1423705635:Sep  4 2007  6:31PM
1424006635:Sep  4 2007  6:36PM
1424305634:Sep  4 2007  6:41PM
1424905635:Sep  4 2007  6:51PM
1425205635:Sep  4 2007  6:56PM
1425505635:Sep  4 2007  7:01PM
1425805634:Sep  4 2007  7:06PM
1426106635:Sep  4 2007  7:11PM
1426706634:Sep  4 2007  7:21PM
1427005635:Sep  4 2007  7:26PM
1427306643:Sep  4 2007  7:31PM
1427606634:Sep  4 2007  7:36PM
1427907635:Sep  4 2007  7:41PM
1428506634:Sep  4 2007  7:51PM
1428806635:Sep  4 2007  7:56PM
1429106634:Sep  4 2007  8:01PM
1429408635:Sep  4 2007  8:06PM
1429838635:Sep  4 2007  8:11PM
1430306635:Sep  4 2007  8:21PM
1430607635:Sep  4 2007  8:26PM
1430907635:Sep  4 2007  8:31PM
1431207635:Sep  4 2007  8:36PM
1431507635:Sep  4 2007  8:41PM
1432105634:Sep  4 2007  8:51PM
1432406635:Sep  4 2007  8:56PM
1432705635:Sep  4 2007  9:01PM
1433005634:Sep  4 2007  9:06PM
1433305635:Sep  4 2007  9:11PM
1433905634:Sep  4 2007  9:21PM
1434205635:Sep  4 2007  9:26PM
1434505635:Sep  4 2007  9:31PM
1434806634:Sep  4 2007  9:36PM
1435406635:Sep  4 2007  9:46PM
1435706634:Sep  4 2007  9:51PM
1436007635:Sep  4 2007  9:56PM
1436306635:Sep  4 2007 10:01PM
1436606635:Sep  4 2007 10:06PM
1437207634:Sep  4 2007 10:16PM
1437506635:Sep  4 2007 10:21PM
